2026-03-31 23:14:58,252 | INFO | Device: cuda
2026-03-31 23:15:16,832 | INFO | Epoch 1 Prediction Dist: {3: 1, 4: 8, 5: 50, 6: 9, 8: 403, 10: 1, 11: 6, 19: 19}
2026-03-31 23:15:16,832 | INFO | Epoch 1 | Train Loss 3.1716 Acc 0.0664 | Val Loss 3.1773 Acc 0.0201
2026-03-31 23:15:27,796 | INFO | Epoch 2 Prediction Dist: {5: 1, 8: 496}
2026-03-31 23:15:27,796 | INFO | Epoch 2 | Train Loss 3.1366 Acc 0.0483 | Val Loss 3.1721 Acc 0.0080
2026-03-31 23:15:38,800 | INFO | Epoch 3 Prediction Dist: {5: 88, 8: 407, 10: 2}
2026-03-31 23:15:38,800 | INFO | Epoch 3 | Train Loss 3.1091 Acc 0.0403 | Val Loss 3.1398 Acc 0.0121
2026-03-31 23:15:49,810 | INFO | Epoch 4 Prediction Dist: {0: 46, 2: 7, 5: 110, 8: 186, 10: 33, 11: 8, 13: 23, 14: 6, 15: 18, 17: 1, 18: 3, 19: 18, 21: 6, 23: 32}
2026-03-31 23:15:49,810 | INFO | Epoch 4 | Train Loss 3.0530 Acc 0.1449 | Val Loss 3.0404 Acc 0.3078
2026-03-31 23:16:00,847 | INFO | Epoch 5 Prediction Dist: {0: 34, 1: 10, 2: 19, 4: 3, 5: 92, 6: 6, 8: 15, 9: 26, 10: 28, 11: 22, 12: 23, 13: 25, 14: 21, 15: 25, 16: 21, 17: 5, 18: 7, 19: 22, 20: 18, 21: 15, 22: 26, 23: 34}
2026-03-31 23:16:00,847 | INFO | Epoch 5 | Train Loss 2.9580 Acc 0.4524 | Val Loss 2.9372 Acc 0.6559
2026-03-31 23:16:11,890 | INFO | Epoch 6 Prediction Dist: {0: 26, 1: 19, 2: 20, 3: 5, 4: 2, 5: 52, 6: 7, 8: 50, 9: 25, 10: 21, 11: 22, 12: 25, 13: 23, 14: 14, 15: 25, 16: 27, 17: 9, 18: 5, 19: 22, 20: 21, 21: 20, 22: 24, 23: 33}
2026-03-31 23:16:11,890 | INFO | Epoch 6 | Train Loss 2.8662 Acc 0.6844 | Val Loss 2.8604 Acc 0.7082
2026-03-31 23:16:22,958 | INFO | Epoch 7 Prediction Dist: {0: 25, 1: 19, 2: 46, 3: 8, 4: 6, 5: 49, 6: 9, 7: 9, 8: 9, 9: 25, 10: 19, 11: 23, 12: 25, 13: 23, 14: 18, 15: 25, 16: 24, 17: 13, 18: 7, 19: 22, 20: 22, 21: 17, 22: 23, 23: 31}
2026-03-31 23:16:22,958 | INFO | Epoch 7 | Train Loss 2.8083 Acc 0.7328 | Val Loss 2.8154 Acc 0.7565
2026-03-31 23:16:34,009 | INFO | Epoch 8 Prediction Dist: {0: 24, 1: 19, 2: 31, 3: 8, 4: 6, 5: 35, 6: 14, 7: 11, 8: 17, 9: 26, 10: 19, 11: 22, 12: 22, 13: 23, 14: 18, 15: 25, 16: 25, 17: 13, 18: 10, 19: 22, 20: 24, 21: 23, 22: 31, 23: 29}
2026-03-31 23:16:34,009 | INFO | Epoch 8 | Train Loss 2.7611 Acc 0.7871 | Val Loss 2.7803 Acc 0.7847
2026-03-31 23:16:45,057 | INFO | Epoch 9 Prediction Dist: {0: 25, 1: 19, 2: 18, 3: 12, 4: 9, 5: 47, 6: 12, 7: 13, 8: 9, 9: 26, 10: 20, 11: 22, 12: 24, 13: 23, 14: 18, 15: 25, 16: 26, 17: 14, 18: 19, 19: 22, 20: 22, 21: 19, 22: 25, 23: 28}
2026-03-31 23:16:45,057 | INFO | Epoch 9 | Train Loss 2.7266 Acc 0.7901 | Val Loss 2.7511 Acc 0.7988
2026-03-31 23:16:56,118 | INFO | Epoch 10 Prediction Dist: {0: 25, 1: 19, 2: 33, 3: 10, 4: 11, 5: 35, 6: 13, 7: 13, 8: 8, 9: 25, 10: 19, 11: 23, 12: 21, 13: 23, 14: 21, 15: 25, 16: 25, 17: 14, 18: 16, 19: 22, 20: 24, 21: 22, 22: 25, 23: 25}
2026-03-31 23:16:56,118 | INFO | Epoch 10 | Train Loss 2.6954 Acc 0.8203 | Val Loss 2.7352 Acc 0.8068
2026-03-31 23:17:07,167 | INFO | Epoch 11 Prediction Dist: {0: 24, 1: 19, 2: 40, 3: 11, 4: 14, 5: 23, 6: 14, 7: 13, 8: 9, 9: 26, 10: 19, 11: 23, 12: 25, 13: 23, 14: 21, 15: 26, 16: 25, 17: 14, 18: 17, 19: 22, 20: 22, 21: 18, 22: 25, 23: 24}
2026-03-31 23:17:07,167 | INFO | Epoch 11 | Train Loss 2.6706 Acc 0.8445 | Val Loss 2.7113 Acc 0.8149
2026-03-31 23:17:19,006 | INFO | Epoch 12 Prediction Dist: {0: 25, 1: 19, 2: 27, 3: 17, 4: 15, 5: 24, 6: 22, 7: 14, 8: 8, 9: 26, 10: 19, 11: 23, 12: 22, 13: 23, 14: 23, 15: 25, 16: 23, 17: 14, 18: 17, 19: 22, 20: 21, 21: 20, 22: 24, 23: 24}
2026-03-31 23:17:19,006 | INFO | Epoch 12 | Train Loss 2.6463 Acc 0.8581 | Val Loss 2.7003 Acc 0.8209
2026-03-31 23:17:35,222 | INFO | Epoch 13 Prediction Dist: {0: 24, 1: 21, 2: 21, 3: 15, 4: 19, 5: 18, 6: 20, 7: 14, 8: 10, 9: 26, 10: 19, 11: 23, 12: 22, 13: 23, 14: 21, 15: 26, 16: 27, 17: 14, 18: 20, 19: 22, 20: 23, 21: 22, 22: 24, 23: 23}
2026-03-31 23:17:35,222 | INFO | Epoch 13 | Train Loss 2.6265 Acc 0.8752 | Val Loss 2.6809 Acc 0.8249
2026-03-31 23:17:47,129 | INFO | Epoch 14 Prediction Dist: {0: 24, 1: 20, 2: 21, 3: 13, 4: 16, 5: 15, 6: 26, 7: 18, 8: 10, 9: 26, 10: 19, 11: 22, 12: 24, 13: 22, 14: 18, 15: 25, 16: 24, 17: 14, 18: 20, 19: 22, 20: 21, 21: 21, 22: 31, 23: 25}
2026-03-31 23:17:47,130 | INFO | Epoch 14 | Train Loss 2.6062 Acc 0.8832 | Val Loss 2.6708 Acc 0.8330
2026-03-31 23:17:58,413 | INFO | Epoch 15 Prediction Dist: {0: 25, 1: 21, 2: 19, 3: 19, 4: 16, 5: 11, 6: 25, 7: 17, 8: 10, 9: 26, 10: 19, 11: 22, 12: 25, 13: 23, 14: 19, 15: 25, 16: 23, 17: 14, 18: 21, 19: 22, 20: 21, 21: 20, 22: 27, 23: 27}
2026-03-31 23:17:58,414 | INFO | Epoch 15 | Train Loss 2.6020 Acc 0.8732 | Val Loss 2.6617 Acc 0.8330
2026-03-31 23:18:09,754 | INFO | Epoch 16 Prediction Dist: {0: 25, 1: 20, 2: 19, 3: 28, 4: 17, 5: 9, 6: 26, 7: 16, 8: 8, 9: 26, 10: 19, 11: 21, 12: 21, 13: 22, 14: 21, 15: 25, 16: 23, 17: 14, 18: 23, 19: 22, 20: 23, 21: 21, 22: 25, 23: 23}
2026-03-31 23:18:09,754 | INFO | Epoch 16 | Train Loss 2.5709 Acc 0.9054 | Val Loss 2.6472 Acc 0.8270
2026-03-31 23:18:21,039 | INFO | Epoch 17 Prediction Dist: {0: 25, 1: 21, 2: 18, 3: 26, 4: 15, 5: 16, 6: 19, 7: 15, 8: 7, 9: 26, 10: 19, 11: 21, 12: 24, 13: 23, 14: 21, 15: 26, 16: 24, 17: 15, 18: 23, 19: 22, 20: 22, 21: 19, 22: 25, 23: 25}
2026-03-31 23:18:21,039 | INFO | Epoch 17 | Train Loss 2.5647 Acc 0.9039 | Val Loss 2.6442 Acc 0.8270
2026-03-31 23:18:32,351 | INFO | Epoch 18 Prediction Dist: {0: 25, 1: 20, 2: 23, 3: 22, 4: 22, 5: 14, 6: 23, 7: 17, 8: 6, 9: 26, 10: 19, 11: 20, 12: 26, 13: 22, 14: 18, 15: 25, 16: 23, 17: 15, 18: 18, 19: 22, 20: 23, 21: 19, 22: 25, 23: 24}
2026-03-31 23:18:32,351 | INFO | Epoch 18 | Train Loss 2.5540 Acc 0.9069 | Val Loss 2.6309 Acc 0.8189
2026-03-31 23:18:43,633 | INFO | Epoch 19 Prediction Dist: {0: 25, 1: 21, 2: 23, 3: 21, 4: 19, 5: 13, 6: 23, 7: 17, 8: 6, 9: 26, 10: 20, 11: 23, 12: 22, 13: 22, 14: 25, 15: 26, 16: 23, 17: 14, 18: 17, 19: 22, 20: 24, 21: 17, 22: 24, 23: 24}
2026-03-31 23:18:43,633 | INFO | Epoch 19 | Train Loss 2.5367 Acc 0.9124 | Val Loss 2.6204 Acc 0.8270
2026-03-31 23:18:54,974 | INFO | Epoch 20 Prediction Dist: {0: 24, 1: 21, 2: 17, 3: 23, 4: 19, 5: 11, 6: 26, 7: 18, 8: 4, 9: 26, 10: 20, 11: 22, 12: 24, 13: 23, 14: 16, 15: 26, 16: 24, 17: 14, 18: 23, 19: 22, 20: 23, 21: 22, 22: 24, 23: 25}
2026-03-31 23:18:54,974 | INFO | Epoch 20 | Train Loss 2.5137 Acc 0.9230 | Val Loss 2.6169 Acc 0.8330
2026-03-31 23:19:06,285 | INFO | Epoch 21 Prediction Dist: {0: 25, 1: 20, 2: 18, 3: 28, 4: 15, 5: 9, 6: 27, 7: 19, 8: 6, 9: 26, 10: 21, 11: 23, 12: 24, 13: 22, 14: 18, 15: 26, 16: 23, 17: 14, 18: 22, 19: 22, 20: 21, 21: 18, 22: 25, 23: 25}
2026-03-31 23:19:06,285 | INFO | Epoch 21 | Train Loss 2.5131 Acc 0.9165 | Val Loss 2.6094 Acc 0.8310
2026-03-31 23:19:17,532 | INFO | Epoch 22 Prediction Dist: {0: 24, 1: 21, 2: 16, 3: 25, 4: 21, 5: 8, 6: 23, 7: 19, 8: 7, 9: 26, 10: 19, 11: 21, 12: 22, 13: 23, 14: 21, 15: 26, 16: 24, 17: 15, 18: 22, 19: 22, 20: 23, 21: 20, 22: 24, 23: 25}
2026-03-31 23:19:17,532 | INFO | Epoch 22 | Train Loss 2.5046 Acc 0.9265 | Val Loss 2.6023 Acc 0.8310
2026-03-31 23:19:28,858 | INFO | Epoch 23 Prediction Dist: {0: 25, 1: 21, 2: 19, 3: 26, 4: 18, 5: 7, 6: 25, 7: 22, 8: 8, 9: 26, 10: 19, 11: 21, 12: 25, 13: 22, 14: 18, 15: 25, 16: 23, 17: 15, 18: 21, 19: 22, 20: 22, 21: 20, 22: 23, 23: 24}
2026-03-31 23:19:28,858 | INFO | Epoch 23 | Train Loss 2.4919 Acc 0.9270 | Val Loss 2.5931 Acc 0.8249
2026-03-31 23:19:40,258 | INFO | Epoch 24 Prediction Dist: {0: 25, 1: 21, 2: 18, 3: 23, 4: 22, 5: 8, 6: 27, 7: 26, 8: 5, 9: 26, 10: 19, 11: 21, 12: 23, 13: 21, 14: 17, 15: 25, 16: 23, 17: 15, 18: 20, 19: 22, 20: 23, 21: 20, 22: 22, 23: 25}
2026-03-31 23:19:40,258 | INFO | Epoch 24 | Train Loss 2.4849 Acc 0.9295 | Val Loss 2.5877 Acc 0.8249
2026-03-31 23:19:51,639 | INFO | Epoch 25 Prediction Dist: {0: 24, 1: 21, 2: 18, 3: 28, 4: 20, 5: 7, 6: 25, 7: 22, 8: 5, 9: 26, 10: 19, 11: 22, 12: 23, 13: 21, 14: 18, 15: 26, 16: 24, 17: 14, 18: 19, 19: 22, 20: 23, 21: 21, 22: 24, 23: 25}
2026-03-31 23:19:51,639 | INFO | Epoch 25 | Train Loss 2.4682 Acc 0.9456 | Val Loss 2.5832 Acc 0.8270
2026-03-31 23:20:03,092 | INFO | Epoch 26 Prediction Dist: {0: 25, 1: 20, 2: 13, 3: 18, 4: 25, 5: 12, 6: 26, 7: 24, 8: 6, 9: 26, 10: 19, 11: 20, 12: 22, 13: 21, 14: 21, 15: 25, 16: 23, 17: 16, 18: 23, 19: 22, 20: 23, 21: 19, 22: 23, 23: 25}
2026-03-31 23:20:03,092 | INFO | Epoch 26 | Train Loss 2.4681 Acc 0.9316 | Val Loss 2.5763 Acc 0.8350
2026-03-31 23:20:14,445 | INFO | Epoch 27 Prediction Dist: {0: 25, 1: 20, 2: 17, 3: 23, 4: 22, 5: 8, 6: 27, 7: 24, 8: 6, 9: 26, 10: 20, 11: 20, 12: 21, 13: 22, 14: 19, 15: 25, 16: 23, 17: 14, 18: 20, 19: 22, 20: 24, 21: 21, 22: 23, 23: 25}
2026-03-31 23:20:14,445 | INFO | Epoch 27 | Train Loss 2.4545 Acc 0.9431 | Val Loss 2.5687 Acc 0.8229
2026-03-31 23:20:25,896 | INFO | Epoch 28 Prediction Dist: {0: 25, 1: 21, 2: 18, 3: 22, 4: 25, 5: 7, 6: 28, 7: 22, 8: 3, 9: 26, 10: 20, 11: 20, 12: 23, 13: 22, 14: 17, 15: 25, 16: 23, 17: 15, 18: 20, 19: 22, 20: 25, 21: 20, 22: 24, 23: 24}
2026-03-31 23:20:25,896 | INFO | Epoch 28 | Train Loss 2.4493 Acc 0.9391 | Val Loss 2.5676 Acc 0.8270
2026-03-31 23:20:37,348 | INFO | Epoch 29 Prediction Dist: {0: 25, 1: 20, 2: 18, 3: 20, 4: 23, 5: 8, 6: 26, 7: 25, 8: 3, 9: 26, 10: 21, 11: 21, 12: 24, 13: 22, 14: 20, 15: 25, 16: 23, 17: 15, 18: 21, 19: 22, 20: 24, 21: 18, 22: 23, 23: 24}
2026-03-31 23:20:37,349 | INFO | Epoch 29 | Train Loss 2.4319 Acc 0.9456 | Val Loss 2.5643 Acc 0.8229
2026-03-31 23:20:48,938 | INFO | Epoch 30 Prediction Dist: {0: 24, 1: 21, 2: 14, 3: 22, 4: 23, 5: 8, 6: 26, 7: 22, 8: 6, 9: 26, 10: 20, 11: 21, 12: 24, 13: 21, 14: 18, 15: 25, 16: 24, 17: 15, 18: 21, 19: 22, 20: 24, 21: 23, 22: 22, 23: 25}
2026-03-31 23:20:48,938 | INFO | Epoch 30 | Train Loss 2.4353 Acc 0.9446 | Val Loss 2.5538 Acc 0.8270
2026-03-31 23:21:00,494 | INFO | Epoch 31 Prediction Dist: {0: 24, 1: 21, 2: 18, 3: 19, 4: 23, 5: 8, 6: 28, 7: 22, 8: 6, 9: 26, 10: 20, 11: 20, 12: 23, 13: 22, 14: 17, 15: 25, 16: 24, 17: 16, 18: 19, 19: 22, 20: 23, 21: 21, 22: 25, 23: 25}
2026-03-31 23:21:00,495 | INFO | Epoch 31 | Train Loss 2.4201 Acc 0.9451 | Val Loss 2.5481 Acc 0.8249
2026-03-31 23:21:12,593 | INFO | Epoch 32 Prediction Dist: {0: 24, 1: 21, 2: 18, 3: 22, 4: 23, 5: 8, 6: 28, 7: 21, 8: 6, 9: 26, 10: 20, 11: 21, 12: 23, 13: 20, 14: 21, 15: 25, 16: 24, 17: 16, 18: 19, 19: 22, 20: 22, 21: 19, 22: 23, 23: 25}
2026-03-31 23:21:12,593 | INFO | Epoch 32 | Train Loss 2.4154 Acc 0.9502 | Val Loss 2.5425 Acc 0.8270
2026-03-31 23:21:24,337 | INFO | Epoch 33 Prediction Dist: {0: 24, 1: 21, 2: 16, 3: 20, 4: 21, 5: 7, 6: 30, 7: 24, 8: 4, 9: 26, 10: 21, 11: 20, 12: 23, 13: 22, 14: 19, 15: 25, 16: 24, 17: 15, 18: 22, 19: 22, 20: 22, 21: 19, 22: 25, 23: 25}
2026-03-31 23:21:24,337 | INFO | Epoch 33 | Train Loss 2.4048 Acc 0.9577 | Val Loss 2.5419 Acc 0.8229
2026-03-31 23:21:37,608 | INFO | Epoch 34 Prediction Dist: {0: 24, 1: 21, 2: 17, 3: 20, 4: 23, 5: 8, 6: 26, 7: 24, 8: 6, 9: 27, 10: 20, 11: 21, 12: 24, 13: 23, 14: 17, 15: 25, 16: 24, 17: 16, 18: 20, 19: 22, 20: 21, 21: 20, 22: 23, 23: 25}
2026-03-31 23:21:37,609 | INFO | Epoch 34 | Train Loss 2.4057 Acc 0.9577 | Val Loss 2.5364 Acc 0.8209
2026-03-31 23:21:49,664 | INFO | Epoch 35 Prediction Dist: {0: 24, 1: 22, 2: 17, 3: 24, 4: 23, 5: 8, 6: 27, 7: 22, 8: 3, 9: 27, 10: 20, 11: 21, 12: 23, 13: 21, 14: 18, 15: 25, 16: 24, 17: 15, 18: 20, 19: 22, 20: 23, 21: 20, 22: 24, 23: 24}
2026-03-31 23:21:49,664 | INFO | Epoch 35 | Train Loss 2.3908 Acc 0.9602 | Val Loss 2.5337 Acc 0.8270
2026-03-31 23:22:01,077 | INFO | Epoch 36 Prediction Dist: {0: 24, 1: 22, 2: 18, 3: 21, 4: 23, 5: 7, 6: 27, 7: 23, 8: 3, 9: 27, 10: 21, 11: 21, 12: 23, 13: 20, 14: 18, 15: 25, 16: 24, 17: 15, 18: 20, 19: 22, 20: 25, 21: 20, 22: 23, 23: 25}
2026-03-31 23:22:01,077 | INFO | Epoch 36 | Train Loss 2.3833 Acc 0.9673 | Val Loss 2.5304 Acc 0.8310
2026-03-31 23:22:12,688 | INFO | Epoch 37 Prediction Dist: {0: 24, 1: 21, 2: 18, 3: 23, 4: 21, 5: 7, 6: 31, 7: 24, 8: 4, 9: 26, 10: 20, 11: 20, 12: 22, 13: 20, 14: 19, 15: 25, 16: 24, 17: 15, 18: 20, 19: 22, 20: 22, 21: 20, 22: 24, 23: 25}
2026-03-31 23:22:12,688 | INFO | Epoch 37 | Train Loss 2.3979 Acc 0.9557 | Val Loss 2.5252 Acc 0.8290
2026-03-31 23:22:25,288 | INFO | Epoch 38 Prediction Dist: {0: 24, 1: 22, 2: 17, 3: 21, 4: 25, 5: 8, 6: 26, 7: 25, 8: 3, 9: 26, 10: 21, 11: 21, 12: 24, 13: 20, 14: 18, 15: 25, 16: 24, 17: 15, 18: 19, 19: 22, 20: 21, 21: 20, 22: 25, 23: 25}
2026-03-31 23:22:25,288 | INFO | Epoch 38 | Train Loss 2.3798 Acc 0.9643 | Val Loss 2.5215 Acc 0.8229
2026-03-31 23:22:37,385 | INFO | Epoch 39 Prediction Dist: {0: 24, 1: 22, 2: 16, 3: 21, 4: 23, 5: 8, 6: 28, 7: 22, 8: 3, 9: 26, 10: 20, 11: 20, 12: 23, 13: 20, 14: 19, 15: 25, 16: 24, 17: 16, 18: 21, 19: 22, 20: 24, 21: 20, 22: 25, 23: 25}
2026-03-31 23:22:37,385 | INFO | Epoch 39 | Train Loss 2.3770 Acc 0.9623 | Val Loss 2.5191 Acc 0.8290
2026-03-31 23:22:49,594 | INFO | Epoch 40 Prediction Dist: {0: 24, 1: 22, 2: 19, 3: 22, 4: 23, 5: 8, 6: 27, 7: 25, 8: 3, 9: 26, 10: 20, 11: 20, 12: 23, 13: 20, 14: 18, 15: 25, 16: 24, 17: 15, 18: 18, 19: 22, 20: 24, 21: 21, 22: 23, 23: 25}
2026-03-31 23:22:49,594 | INFO | Epoch 40 | Train Loss 2.3729 Acc 0.9638 | Val Loss 2.5253 Acc 0.8310
2026-03-31 23:23:02,015 | INFO | Epoch 41 Prediction Dist: {0: 24, 1: 22, 2: 17, 3: 21, 4: 23, 5: 8, 6: 27, 7: 24, 8: 3, 9: 26, 10: 21, 11: 20, 12: 23, 13: 20, 14: 19, 15: 25, 16: 24, 17: 15, 18: 20, 19: 22, 20: 24, 21: 21, 22: 23, 23: 25}
2026-03-31 23:23:02,015 | INFO | Epoch 41 | Train Loss 2.3652 Acc 0.9653 | Val Loss 2.5148 Acc 0.8370
2026-03-31 23:23:14,283 | INFO | Epoch 42 Prediction Dist: {0: 24, 1: 22, 2: 18, 3: 22, 4: 24, 5: 8, 6: 27, 7: 23, 8: 3, 9: 26, 10: 20, 11: 21, 12: 23, 13: 21, 14: 18, 15: 25, 16: 24, 17: 15, 18: 18, 19: 22, 20: 23, 21: 20, 22: 25, 23: 25}
2026-03-31 23:23:14,283 | INFO | Epoch 42 | Train Loss 2.3669 Acc 0.9612 | Val Loss 2.5161 Acc 0.8249
2026-03-31 23:23:26,210 | INFO | Epoch 43 Prediction Dist: {0: 24, 1: 22, 2: 17, 3: 20, 4: 24, 5: 8, 6: 26, 7: 24, 8: 3, 9: 26, 10: 21, 11: 21, 12: 23, 13: 22, 14: 17, 15: 25, 16: 24, 17: 14, 18: 19, 19: 22, 20: 24, 21: 21, 22: 25, 23: 25}
2026-03-31 23:23:26,211 | INFO | Epoch 43 | Train Loss 2.3682 Acc 0.9678 | Val Loss 2.5139 Acc 0.8330
2026-03-31 23:23:37,672 | INFO | Epoch 44 Prediction Dist: {0: 24, 1: 22, 2: 18, 3: 23, 4: 24, 5: 8, 6: 27, 7: 23, 8: 3, 9: 26, 10: 21, 11: 20, 12: 23, 13: 20, 14: 18, 15: 25, 16: 24, 17: 14, 18: 18, 19: 22, 20: 24, 21: 20, 22: 25, 23: 25}
2026-03-31 23:23:37,672 | INFO | Epoch 44 | Train Loss 2.3559 Acc 0.9718 | Val Loss 2.5141 Acc 0.8290
2026-03-31 23:23:49,143 | INFO | Epoch 45 Prediction Dist: {0: 24, 1: 22, 2: 18, 3: 23, 4: 24, 5: 8, 6: 25, 7: 24, 8: 5, 9: 26, 10: 20, 11: 20, 12: 23, 13: 20, 14: 18, 15: 25, 16: 24, 17: 15, 18: 18, 19: 22, 20: 24, 21: 20, 22: 24, 23: 25}
2026-03-31 23:23:49,143 | INFO | Epoch 45 | Train Loss 2.3666 Acc 0.9643 | Val Loss 2.5127 Acc 0.8270
2026-03-31 23:24:01,169 | INFO | Epoch 46 Prediction Dist: {0: 24, 1: 22, 2: 18, 3: 21, 4: 25, 5: 8, 6: 25, 7: 25, 8: 5, 9: 26, 10: 21, 11: 20, 12: 23, 13: 20, 14: 19, 15: 25, 16: 24, 17: 14, 18: 18, 19: 22, 20: 24, 21: 21, 22: 23, 23: 24}
2026-03-31 23:24:01,170 | INFO | Epoch 46 | Train Loss 2.3562 Acc 0.9623 | Val Loss 2.5084 Acc 0.8350
2026-03-31 23:24:14,044 | INFO | Epoch 47 Prediction Dist: {0: 24, 1: 22, 2: 18, 3: 22, 4: 24, 5: 8, 6: 27, 7: 26, 8: 3, 9: 26, 10: 20, 11: 20, 12: 23, 13: 20, 14: 18, 15: 25, 16: 24, 17: 15, 18: 18, 19: 22, 20: 24, 21: 20, 22: 23, 23: 25}
2026-03-31 23:24:14,044 | INFO | Epoch 47 | Train Loss 2.3595 Acc 0.9688 | Val Loss 2.5082 Acc 0.8290
2026-03-31 23:24:25,405 | INFO | Epoch 48 Prediction Dist: {0: 24, 1: 22, 2: 18, 3: 21, 4: 24, 5: 7, 6: 26, 7: 28, 8: 3, 9: 26, 10: 21, 11: 20, 12: 23, 13: 20, 14: 18, 15: 25, 16: 24, 17: 14, 18: 18, 19: 22, 20: 24, 21: 21, 22: 23, 23: 25}
2026-03-31 23:24:25,405 | INFO | Epoch 48 | Train Loss 2.3505 Acc 0.9763 | Val Loss 2.5085 Acc 0.8330
2026-03-31 23:24:36,931 | INFO | Epoch 49 Prediction Dist: {0: 24, 1: 22, 2: 18, 3: 21, 4: 24, 5: 8, 6: 27, 7: 26, 8: 3, 9: 26, 10: 21, 11: 20, 12: 23, 13: 20, 14: 18, 15: 25, 16: 24, 17: 14, 18: 18, 19: 22, 20: 24, 21: 21, 22: 23, 23: 25}
2026-03-31 23:24:36,931 | INFO | Epoch 49 | Train Loss 2.3528 Acc 0.9683 | Val Loss 2.5079 Acc 0.8330
2026-03-31 23:24:48,665 | INFO | Epoch 50 Prediction Dist: {0: 24, 1: 22, 2: 17, 3: 21, 4: 24, 5: 8, 6: 27, 7: 25, 8: 3, 9: 27, 10: 21, 11: 20, 12: 23, 13: 20, 14: 18, 15: 25, 16: 24, 17: 14, 18: 19, 19: 22, 20: 24, 21: 21, 22: 23, 23: 25}
2026-03-31 23:24:48,665 | INFO | Epoch 50 | Train Loss 2.3513 Acc 0.9733 | Val Loss 2.5080 Acc 0.8330
2026-03-31 23:24:53,998 | INFO | Training complete and model saved successfully.
